<?xml version="1.0" encoding="UTF-8"?>
<!-- Generated by org.testng.reporters.JUnitReportReporter -->
<testsuite hostname="TANMOY_DATTA" failures="0" tests="1" name="test_mobile.GeneralStoreApk" time="11.932" errors="0" timestamp="2023-02-22T21:23:42 BDT" skipped="0">
  <testcase classname="test_mobile.GeneralStoreApk" name="test_general_apk" time="11.932"/>
  <system-out/>
</testsuite> <!-- test_mobile.GeneralStoreApk -->
