<?xml version="1.0" encoding="UTF-8"?>
<!-- Generated by org.testng.reporters.JUnitReportReporter -->
<testsuite hostname="TANMOY_DATTA" failures="0" tests="1" name="test_mobile.TestDialerApp" time="11.991" errors="0" timestamp="2023-02-20T12:05:58 BDT" skipped="0">
  <testcase classname="test_mobile.TestDialerApp" name="test_general_apk" time="11.991"/>
  <system-out/>
</testsuite> <!-- test_mobile.TestDialerApp -->
