<?xml version="1.0" encoding="UTF-8"?>
<!-- Generated by org.testng.reporters.JUnitReportReporter -->
<testsuite hostname="TANMOY_DATTA" failures="0" tests="1" name="test_mobile.TestDialerApp" time="24.241" errors="0" timestamp="2023-02-22T13:04:48 BDT" skipped="0">
  <testcase classname="test_mobile.TestDialerApp" name="test_general_apk" time="24.241"/>
  <system-out/>
</testsuite> <!-- test_mobile.TestDialerApp -->
